{"message":"GET http://localhost:3000/ - total cost 7ms - 2018/12/09 13:35:10 - 200","level":"info","label":"access"}
{"message":"GET http://localhost:3000/ - total cost 1ms - 2018/12/09 13:35:37 - 200","level":"info","label":"access"}
{"message":"GET http://localhost:3000/ - total cost 7ms - 2018/12/09 13:36:54 - 200","level":"info","label":"access"}
{"message":"GET http://localhost:3000/access.log - total cost 1ms - 2018/12/09 13:39:08 - 200","level":"info","label":"access"}
{"message":"POST http://localhost:3000/user/add - total cost 26ms - 2018/12/09 15:36:09 - 200","level":"info","label":"access"}
{"message":"POST http://localhost:3000/user/add - total cost 104ms - 2018/12/09 15:37:08 - 200","level":"info","label":"access"}
{"message":"POST http://localhost:3000/user/add - total cost 109ms - 2018/12/09 15:42:44 - 200","level":"info","label":"access"}
{"message":"POST http://localhost:3000/user/add - total cost 101ms - 2018/12/09 15:43:18 - 200","level":"info","label":"access"}
{"message":"POST http://localhost:3000/user/add - total cost 60ms - 2018/12/09 15:49:08 - 200","level":"info","label":"access"}
{"message":"POST http://localhost:3000/user/login - total cost 10ms - 2018/12/09 16:02:56 - 200","level":"info","label":"access"}
{"message":"POST http://localhost:3000/user/login - total cost 18ms - 2018/12/09 16:03:19 - 200","level":"info","label":"access"}
{"message":"POST http://localhost:3000/user/add - total cost 64ms - 2018/12/09 16:05:17 - 200","level":"info","label":"access"}
{"message":"POST http://localhost:3000/user/login - total cost 11ms - 2018/12/09 16:05:37 - 200","level":"info","label":"access"}
{"message":"POST http://localhost:3000/user/login - total cost 22ms - 2018/12/09 16:08:10 - 200","level":"info","label":"access"}
{"message":"POST http://localhost:3000/user/login - total cost 2ms - 2018/12/09 16:09:30 - 200","level":"info","label":"access"}
{"message":"POST http://localhost:3000/user/login - total cost 1ms - 2018/12/09 16:09:35 - 200","level":"info","label":"access"}
{"message":"POST http://localhost:3000/user/edit - total cost 27ms - 2018/12/09 16:17:20 - 200","level":"info","label":"access"}
{"message":"POST http://localhost:3000/user/edit - total cost 97ms - 2018/12/09 16:21:54 - 200","level":"info","label":"access"}
{"message":"GET http://localhost:3000/ - total cost 7ms - 2018/12/09 17:22:16 - 200","level":"info","label":"access"}
{"message":"GET http://localhost:3000/daily/sendmail - total cost 693ms - 2018/12/09 22:06:00 - 200","level":"info","label":"access"}
{"message":"GET http://localhost:3000/daily/sendmail - total cost 1309ms - 2018/12/09 22:07:05 - 200","level":"info","label":"access"}
{"message":"GET http://localhost:3000/daily/sendmail - total cost 653ms - 2018/12/09 22:18:29 - 200","level":"info","label":"access"}
